<?xml version="1.0" encoding="UTF-8"?>
<testsuite name="ListaDeTareasTest" tests="4" skipped="0" failures="2" errors="0" timestamp="2025-05-08T18:30:38" hostname="archlinux" time="0.025">
  <properties/>
  <testcase name="tareasPendientesTest2()" classname="ListaDeTareasTest" time="0.014"/>
  <testcase name="tareasPendientesTest()" classname="ListaDeTareasTest" time="0.006">
    <failure message="org.opentest4j.AssertionFailedError: expected: &lt;ListaDeTareas@97e93f1&gt; but was: &lt;{Salir a correr2=false, Salir a correr3=false, Salir a correr=false, Salir a correr4=false}&gt;" type="org.opentest4j.AssertionFailedError">org.opentest4j.AssertionFailedError: expected: &lt;ListaDeTareas@97e93f1&gt; but was: &lt;{Salir a correr2=false, Salir a correr3=false, Salir a correr=false, Salir a correr4=false}&gt;
	at org.junit.jupiter.api.AssertionFailureBuilder.build(AssertionFailureBuilder.java:151)
	at org.junit.jupiter.api.AssertionFailureBuilder.buildAndThrow(AssertionFailureBuilder.java:132)
	at org.junit.jupiter.api.AssertEquals.failNotEqual(AssertEquals.java:197)
	at org.junit.jupiter.api.AssertEquals.assertEquals(AssertEquals.java:182)
	at org.junit.jupiter.api.AssertEquals.assertEquals(AssertEquals.java:177)
	at org.junit.jupiter.api.Assertions.assertEquals(Assertions.java:1145)
	at ListaDeTareasTest.tareasPendientesTest(ListaDeTareasTest.java:13)
	at java.lang.reflect.Method.invoke(Method.java:580)
	at java.util.ArrayList.forEach(ArrayList.java:1596)
	at java.util.ArrayList.forEach(ArrayList.java:1596)
</failure>
  </testcase>
  <testcase name="tareasCompletasTest()" classname="ListaDeTareasTest" time="0.001">
    <failure message="org.opentest4j.AssertionFailedError: expected: &lt;ListaDeTareas@2254127a&gt; but was: &lt;{Salir a correr2=true, Salir a correr3=true, Salir a correr=true, Salir a correr4=true}&gt;" type="org.opentest4j.AssertionFailedError">org.opentest4j.AssertionFailedError: expected: &lt;ListaDeTareas@2254127a&gt; but was: &lt;{Salir a correr2=true, Salir a correr3=true, Salir a correr=true, Salir a correr4=true}&gt;
	at org.junit.jupiter.api.AssertionFailureBuilder.build(AssertionFailureBuilder.java:151)
	at org.junit.jupiter.api.AssertionFailureBuilder.buildAndThrow(AssertionFailureBuilder.java:132)
	at org.junit.jupiter.api.AssertEquals.failNotEqual(AssertEquals.java:197)
	at org.junit.jupiter.api.AssertEquals.assertEquals(AssertEquals.java:182)
	at org.junit.jupiter.api.AssertEquals.assertEquals(AssertEquals.java:177)
	at org.junit.jupiter.api.Assertions.assertEquals(Assertions.java:1145)
	at ListaDeTareasTest.tareasCompletasTest(ListaDeTareasTest.java:40)
	at java.lang.reflect.Method.invoke(Method.java:580)
	at java.util.ArrayList.forEach(ArrayList.java:1596)
	at java.util.ArrayList.forEach(ArrayList.java:1596)
</failure>
  </testcase>
  <testcase name="tareasCompletasTest2()" classname="ListaDeTareasTest" time="0.001"/>
  <system-out><![CDATA[{Salir a correr3=false, Salir a correr=false, Salir a correr4=false}
{Salir a correr2=true}
]]></system-out>
  <system-err><![CDATA[]]></system-err>
</testsuite>
